<?xml version="1.0" encoding="UTF-8"?>
<testng-results ignored="0" total="2" passed="2" failed="0" skipped="0">
  <reporter-output>
  </reporter-output>
  <suite started-at="2022-11-19T20:48:37 EST" name="Default suite" finished-at="2022-11-19T20:48:37 EST" duration-ms="630">
    <groups>
    </groups>
    <test started-at="2022-11-19T20:48:37 EST" name="Default test" finished-at="2022-11-19T20:48:37 EST" duration-ms="630">
      <class name="com.qa.tests.GetAPITest">
        <test-method is-config="true" signature="setUp()[pri:0, instance:com.qa.tests.GetAPITest@40cb8df7]" started-at="2022-11-19T20:48:37 EST" name="setUp" finished-at="2022-11-19T20:48:37 EST" duration-ms="3" status="PASS">
          <reporter-output>
          </reporter-output>
        </test-method> <!-- setUp -->
        <test-method signature="getAPITestWithoutHeaders()[pri:1, instance:com.qa.tests.GetAPITest@40cb8df7]" started-at="2022-11-19T20:48:37 EST" name="getAPITestWithoutHeaders" finished-at="2022-11-19T20:48:37 EST" duration-ms="455" status="PASS">
          <reporter-output>
          </reporter-output>
        </test-method> <!-- getAPITestWithoutHeaders -->
        <test-method signature="getAPITestWithHeaders()[pri:2, instance:com.qa.tests.GetAPITest@40cb8df7]" started-at="2022-11-19T20:48:37 EST" name="getAPITestWithHeaders" finished-at="2022-11-19T20:48:37 EST" duration-ms="139" status="PASS">
          <reporter-output>
          </reporter-output>
        </test-method> <!-- getAPITestWithHeaders -->
        <test-method is-config="true" signature="setUp()[pri:0, instance:com.qa.tests.GetAPITest@40cb8df7]" started-at="2022-11-19T20:48:37 EST" name="setUp" finished-at="2022-11-19T20:48:37 EST" duration-ms="0" status="PASS">
          <reporter-output>
          </reporter-output>
        </test-method> <!-- setUp -->
      </class> <!-- com.qa.tests.GetAPITest -->
    </test> <!-- Default test -->
  </suite> <!-- Default suite -->
</testng-results>
